2025-09-18 04:18:37 [INFO Tables created/verified.]
2025-09-18 04:18:37 [INFO file_cache is only supported with oauth2client<4.0.0]
2025-09-18 04:18:38 [INFO Upserted 25 videos at 2025-09-17T20:18:38.032599+00:00]
2025-09-18 04:18:38 [INFO ====== WebDriver manager ======]
2025-09-18 04:18:39 [INFO Get LATEST chromedriver version for google-chrome]
2025-09-18 04:18:40 [INFO Get LATEST chromedriver version for google-chrome]
2025-09-18 04:18:40 [INFO Get LATEST chromedriver version for google-chrome]
2025-09-18 04:18:41 [INFO WebDriver version 140.0.7339.82 selected]
2025-09-18 04:18:41 [INFO Modern chrome version https://storage.googleapis.com/chrome-for-testing-public/140.0.7339.82/win32/chromedriver-win32.zip]
2025-09-18 04:18:41 [INFO About to download new driver from https://storage.googleapis.com/chrome-for-testing-public/140.0.7339.82/win32/chromedriver-win32.zip]
2025-09-18 04:18:41 [INFO Driver downloading response is 200]
2025-09-18 04:18:43 [INFO Get LATEST chromedriver version for google-chrome]
2025-09-18 04:18:43 [INFO Driver has been saved in cache [C:\Users\Ferde\.wdm\drivers\chromedriver\win64\140.0.7339.82]]
2025-09-18 04:19:03 [INFO Upserted 25 trending queries at 2025-09-17T20:19:03.322157+00:00]
2025-09-18 04:19:03 [INFO ETL run complete]
--------------------------------------------------------------------------------

2025-09-18 22:00:49 [INFO Tables created/verified.]
2025-09-18 22:00:49 [INFO file_cache is only supported with oauth2client<4.0.0]
2025-09-18 22:00:53 [INFO Upserted 24 videos at 2025-09-18T14:00:53.524957+00:00]
2025-09-18 22:00:53 [INFO ====== WebDriver manager ======]
2025-09-18 22:01:03 [INFO Get LATEST chromedriver version for google-chrome]
2025-09-18 22:01:05 [INFO Get LATEST chromedriver version for google-chrome]
2025-09-18 22:01:08 [INFO There is no [win64] chromedriver "140.0.7339.185" for browser google-chrome "140.0.7339" in cache]
2025-09-18 22:01:08 [INFO Get LATEST chromedriver version for google-chrome]
2025-09-18 22:01:13 [INFO WebDriver version 140.0.7339.185 selected]
2025-09-18 22:01:13 [INFO Modern chrome version https://storage.googleapis.com/chrome-for-testing-public/140.0.7339.185/win32/chromedriver-win32.zip]
2025-09-18 22:01:13 [INFO About to download new driver from https://storage.googleapis.com/chrome-for-testing-public/140.0.7339.185/win32/chromedriver-win32.zip]
2025-09-18 22:01:14 [INFO Driver downloading response is 200]
2025-09-18 22:01:17 [INFO Get LATEST chromedriver version for google-chrome]
2025-09-18 22:01:18 [INFO Driver has been saved in cache [C:\Users\Ferde\.wdm\drivers\chromedriver\win64\140.0.7339.185]]
2025-09-18 22:01:55 [INFO Upserted 25 trending queries at 2025-09-18T14:01:55.040294+00:00]
2025-09-18 22:01:55 [INFO ETL run complete]
--------------------------------------------------------------------------------

2025-09-20 03:32:24 [INFO Tables created/verified.]
2025-09-20 03:32:24 [INFO file_cache is only supported with oauth2client<4.0.0]
2025-09-20 03:32:24 [INFO Upserted 25 videos at 2025-09-19T19:32:24.903761+00:00]
2025-09-20 03:32:24 [INFO ====== WebDriver manager ======]
2025-09-20 03:32:25 [INFO Get LATEST chromedriver version for google-chrome]
2025-09-20 03:33:50 [INFO Get LATEST chromedriver version for google-chrome]
2025-09-20 03:35:15 [INFO Driver [C:\Users\Ferde\.wdm\drivers\chromedriver\win64\140.0.7339.185\chromedriver-win32/chromedriver.exe] found in cache]
2025-09-20 03:35:29 [INFO Upserted 25 trending queries at 2025-09-19T19:35:29.657287+00:00]
2025-09-20 03:35:29 [INFO ETL run complete]
--------------------------------------------------------------------------------

2025-09-20 22:00:08 [INFO Tables created/verified.]
2025-09-20 22:00:08 [INFO file_cache is only supported with oauth2client<4.0.0]
2025-09-20 22:00:09 [INFO Upserted 25 videos at 2025-09-20T14:00:09.058676+00:00]
2025-09-20 22:00:09 [INFO ====== WebDriver manager ======]
2025-09-20 22:00:11 [INFO Get LATEST chromedriver version for google-chrome]
2025-09-20 22:01:36 [INFO Get LATEST chromedriver version for google-chrome]
2025-09-20 22:03:01 [INFO Driver [C:\Users\Ferde\.wdm\drivers\chromedriver\win64\140.0.7339.185\chromedriver-win32/chromedriver.exe] found in cache]
2025-09-20 22:03:21 [INFO Upserted 25 trending queries at 2025-09-20T14:03:21.911791+00:00]
2025-09-20 22:03:21 [INFO ETL run complete]
--------------------------------------------------------------------------------

2025-09-21 22:00:05 [INFO Tables created/verified.]
2025-09-21 22:00:05 [INFO file_cache is only supported with oauth2client<4.0.0]
2025-09-21 22:00:06 [INFO Upserted 25 videos at 2025-09-21T14:00:05.967648+00:00]
2025-09-21 22:00:06 [INFO ====== WebDriver manager ======]
2025-09-21 22:00:07 [INFO Get LATEST chromedriver version for google-chrome]
2025-09-21 22:01:31 [INFO Get LATEST chromedriver version for google-chrome]
2025-09-21 22:02:56 [INFO Driver [C:\Users\Ferde\.wdm\drivers\chromedriver\win64\140.0.7339.185\chromedriver-win32/chromedriver.exe] found in cache]
2025-09-21 22:03:12 [INFO Upserted 25 trending queries at 2025-09-21T14:03:12.806219+00:00]
2025-09-21 22:03:12 [INFO ETL run complete]
--------------------------------------------------------------------------------

2025-09-22 22:00:08 [INFO Tables created/verified.]
2025-09-22 22:00:08 [INFO Started ETL job 'full_etl_run' with run_id=37]
2025-09-22 22:00:08 [INFO Started ETL job 'youtube_etl' with run_id=38]
2025-09-22 22:00:08 [INFO Started ETL job 'fetch_most_popular_videos' with run_id=39]
2025-09-22 22:00:08 [INFO file_cache is only supported with oauth2client<4.0.0]
2025-09-22 22:00:09 [INFO Updated ETL job 'fetch_most_popular_videos' run_id=39 to status=success]
2025-09-22 22:00:09 [INFO Started ETL job 'parse_and_upsert' with run_id=40]
2025-09-22 22:00:09 [INFO Updated ETL job 'parse_and_upsert' run_id=40 to status=success]
2025-09-22 22:00:09 [INFO Upserted 25 videos at 2025-09-22T14:00:09.007044+00:00]
2025-09-22 22:00:09 [INFO Updated ETL job 'youtube_etl' run_id=38 to status=success]
2025-09-22 22:00:09 [INFO Started ETL job 'gtrends_etl' with run_id=41]
2025-09-22 22:00:09 [INFO Started ETL job 'get_trending_searches_ph' with run_id=42]
2025-09-22 22:00:09 [INFO ====== WebDriver manager ======]
2025-09-22 22:00:11 [INFO Get LATEST chromedriver version for google-chrome]
2025-09-22 22:01:35 [INFO Get LATEST chromedriver version for google-chrome]
2025-09-22 22:03:00 [INFO Driver [C:\Users\Ferde\.wdm\drivers\chromedriver\win64\140.0.7339.185\chromedriver-win32/chromedriver.exe] found in cache]
2025-09-22 22:03:19 [INFO Updated ETL job 'get_trending_searches_ph' run_id=42 to status=success]
2025-09-22 22:03:19 [INFO Started ETL job 'parse_and_upsert_trends' with run_id=43]
2025-09-22 22:03:19 [INFO Updated ETL job 'parse_and_upsert_trends' run_id=43 to status=success]
2025-09-22 22:03:19 [INFO Upserted 25 trending queries at 2025-09-22T14:03:19.713562+00:00]
2025-09-22 22:03:19 [INFO Updated ETL job 'gtrends_etl' run_id=41 to status=success]
2025-09-22 22:03:19 [INFO Updated ETL job 'full_etl_run' run_id=37 to status=success]
2025-09-22 22:03:19 [INFO ETL run complete]
--------------------------------------------------------------------------------

2025-09-23 22:00:07 [INFO Tables created/verified.]
2025-09-23 22:00:07 [INFO Started ETL job 'full_etl_run' with run_id=44]
2025-09-23 22:00:07 [INFO Started ETL job 'youtube_etl' with run_id=45]
2025-09-23 22:00:07 [INFO Started ETL job 'fetch_most_popular_videos' with run_id=46]
2025-09-23 22:00:07 [INFO file_cache is only supported with oauth2client<4.0.0]
2025-09-23 22:00:07 [INFO Updated ETL job 'fetch_most_popular_videos' run_id=46 to status=success]
2025-09-23 22:00:07 [INFO Started ETL job 'parse_and_upsert' with run_id=47]
2025-09-23 22:00:07 [INFO Updated ETL job 'parse_and_upsert' run_id=47 to status=success]
2025-09-23 22:00:07 [INFO Upserted 25 videos at 2025-09-23T14:00:07.766795+00:00]
2025-09-23 22:00:07 [INFO Updated ETL job 'youtube_etl' run_id=45 to status=success]
2025-09-23 22:00:07 [INFO Started ETL job 'gtrends_etl' with run_id=48]
2025-09-23 22:00:07 [INFO Started ETL job 'get_trending_searches_ph' with run_id=49]
2025-09-23 22:00:07 [INFO ====== WebDriver manager ======]
2025-09-23 22:00:09 [INFO Get LATEST chromedriver version for google-chrome]
2025-09-23 22:01:55 [INFO Get LATEST chromedriver version for google-chrome]
2025-09-23 22:03:40 [INFO Get LATEST chromedriver version for google-chrome]
2025-09-23 22:07:12 [INFO WebDriver version 140.0.7339.185 selected]
2025-09-23 22:07:12 [INFO Modern chrome version https://storage.googleapis.com/chrome-for-testing-public/140.0.7339.185/win32/chromedriver-win32.zip]
2025-09-23 22:07:12 [INFO About to download new driver from https://storage.googleapis.com/chrome-for-testing-public/140.0.7339.185/win32/chromedriver-win32.zip]
2025-09-23 22:07:13 [INFO Driver downloading response is 200]
2025-09-23 22:07:16 [INFO Get LATEST chromedriver version for google-chrome]
2025-09-23 22:09:02 [INFO Driver has been saved in cache [C:\Users\Ferde\.wdm\drivers\chromedriver\win64\140.0.7339.185]]
2025-09-23 22:09:20 [INFO Updated ETL job 'get_trending_searches_ph' run_id=49 to status=success]
2025-09-23 22:09:20 [INFO Started ETL job 'parse_and_upsert_trends' with run_id=50]
2025-09-23 22:09:20 [INFO Updated ETL job 'parse_and_upsert_trends' run_id=50 to status=success]
2025-09-23 22:09:20 [INFO Upserted 25 trending queries at 2025-09-23T14:09:20.324745+00:00]
2025-09-23 22:09:20 [INFO Updated ETL job 'gtrends_etl' run_id=48 to status=success]
2025-09-23 22:09:20 [INFO Updated ETL job 'full_etl_run' run_id=44 to status=success]
2025-09-23 22:09:20 [INFO ETL run complete]
--------------------------------------------------------------------------------

